#
# There is insufficient memory for the Java Runtime Environment to continue.
# Native memory allocation (mmap) failed to map 266338304 bytes for G1 virtual space
# Possible reasons:
#   The system is out of physical RAM or swap space
#   The process is running with CompressedOops enabled, and the Java Heap may be blocking the growth of the native heap
# Possible solutions:
#   Reduce memory load on the system
#   Increase physical memory or swap space
#   Check if swap backing store is full
#   Decrease Java heap size (-Xmx/-Xms)
#   Decrease number of Java threads
#   Decrease Java thread stack sizes (-Xss)
#   Set larger code cache with -XX:ReservedCodeCacheSize=
#   JVM is running with Zero Based Compressed Oops mode in which the Java heap is
#     placed in the first 32GB address space. The Java Heap base address is the
#     maximum limit for the native heap growth. Please use -XX:HeapBaseMinAddress
#     to set the Java Heap base and to place the Java Heap above 32GB virtual address.
# This output file may be truncated or incomplete.
#
#  Out of Memory Error (./open/src/hotspot/os/windows/os_windows.cpp:3321), pid=17500, tid=9264
#
# JRE version:  (15.0.2+7) (build )
# Java VM: OpenJDK 64-Bit Server VM (15.0.2+7-27, mixed mode, sharing, tiered, compressed oops, g1 gc, windows-amd64)
# No core dump will be written. Minidumps are not enabled by default on client versions of Windows
#

---------------  S U M M A R Y ------------

Command Line: -Dmaven.multiModuleProjectDirectory=C:\Users\David Bryan\IdeaProjects\MsgLab2\Core -Dmaven.home=C:\Program Files\JetBrains\IntelliJ IDEA Community Edition 2020.3\plugins\maven\lib\maven3 -Dclassworlds.conf=C:\Program Files\JetBrains\IntelliJ IDEA Community Edition 2020.3\plugins\maven\lib\maven3\bin\m2.conf -Dmaven.ext.class.path=C:\Program Files\JetBrains\IntelliJ IDEA Community Edition 2020.3\plugins\maven\lib\maven-event-listener.jar -javaagent:C:\Program Files\JetBrains\IntelliJ IDEA Community Edition 2020.3\lib\idea_rt.jar=51447:C:\Program Files\JetBrains\IntelliJ IDEA Community Edition 2020.3\bin -Dfile.encoding=UTF-8 org.codehaus.classworlds.Launcher -Didea.version=2020.3.2 package

Host: Intel(R) Core(TM) i7-10750H CPU @ 2.60GHz, 12 cores, 15G,  Windows 10 , 64 bit Build 18362 (10.0.18362.1316)
Time: Sun Feb 14 09:01:40 2021 Hora est. Pacífico, Sudamérica elapsed time: 0.011667 seconds (0d 0h 0m 0s)

---------------  T H R E A D  ---------------

Current thread (0x00000291a42852c0):  JavaThread "Unknown thread" [_thread_in_vm, id=9264, stack(0x000000b7ca600000,0x000000b7ca700000)]

Stack: [0x000000b7ca600000,0x000000b7ca700000]
Native frames: (J=compiled Java code, j=interpreted, Vv=VM code, C=native code)
V  [jvm.dll+0x62ae9a]
V  [jvm.dll+0x7817a9]
V  [jvm.dll+0x782f03]
V  [jvm.dll+0x783563]
V  [jvm.dll+0x216325]
V  [jvm.dll+0x6281d9]
V  [jvm.dll+0x61cf55]
V  [jvm.dll+0x2cffdd]
V  [jvm.dll+0x2cfe42]
V  [jvm.dll+0x2d5e1c]
V  [jvm.dll+0x32590a]
V  [jvm.dll+0x324fd4]
V  [jvm.dll+0x2a6f5a]
V  [jvm.dll+0x2a80f8]
V  [jvm.dll+0x75e241]
V  [jvm.dll+0x3341c4]
V  [jvm.dll+0x73e926]
V  [jvm.dll+0x3b7557]
V  [jvm.dll+0x3b8fe1]
C  [jli.dll+0x52fb]
C  [ucrtbase.dll+0x210b2]
C  [KERNEL32.DLL+0x17c24]
C  [ntdll.dll+0x6d4d1]


---------------  P R O C E S S  ---------------

Threads class SMR info:
_java_thread_list=0x00007ff91d9e4ff0, length=0, elements={
}

Java Threads: ( => current thread )

Other Threads:
  0x00000291a42d35c0 GCTaskThread "GC Thread#0" [stack: 0x000000b7ca700000,0x000000b7ca800000] [id=20072]
  0x00000291a42e5380 ConcurrentGCThread "G1 Main Marker" [stack: 0x000000b7ca800000,0x000000b7ca900000] [id=18552]
  0x00000291a42e8640 ConcurrentGCThread "G1 Conc#0" [stack: 0x000000b7ca900000,0x000000b7caa00000] [id=21564]

[error occurred during error reporting (printing all threads), id 0xc0000005, EXCEPTION_ACCESS_VIOLATION (0xc0000005) at pc=0x00007ff91d1d7e27]

VM state: not at safepoint (not fully initialized)

VM Mutex/Monitor currently owned by a thread:  ([mutex/lock_event])
[0x00000291a427f160] Heap_lock - owner thread: 0x00000291a42852c0

Heap address: 0x0000000702a00000, size: 4054 MB, Compressed Oops mode: Zero based, Oop shift amount: 3
CDS archive(s) mapped at: [0x0000000000000000-0x0000000000000000-0x0000000000000000), size 0, SharedBaseAddress: 0x0000000800000000, ArchiveRelocationMode: 0.
Narrow klass base: 0x0000000000000000, Narrow klass shift: 0, Narrow klass range: 0x0

Heap:
 garbage-first heap   total 260096K, used 0K [0x0000000702a00000, 0x0000000800000000)
  region size 2048K, 0 young (0K), 0 survivors (0K)
 Metaspace       used 0K, capacity 0K, committed 0K, reserved 0K
  class space    used 0K, capacity 0K, committed 0K, reserved 0K

Heap Regions: E=young(eden), S=young(survivor), O=old, HS=humongous(starts), HC=humongous(continues), CS=collection set, F=free, OA=open archive, CA=closed archive, TAMS=top-at-mark-start (previous, next)

Card table byte_map: [0x00000291bc1f0000,0x00000291bc9e0000] _byte_map_base: 0x00000291b89db000

Marking Bits (Prev, Next): (CMBitMap*) 0x00000291a42d4cd0, (CMBitMap*) 0x00000291a42d4d10
 Prev Bits: [0x00000291bd1d0000, 0x00000291c1128000)
 Next Bits: [0x00000291c1130000, 0x00000291c5088000)

GC Heap History (0 events):
No events

Deoptimization events (0 events):
No events

Classes unloaded (0 events):
No events

Classes redefined (0 events):
No events

Internal exceptions (0 events):
No events

Events (1 events):
Event: 0.006 Loaded shared library C:\Users\David Bryan\.jdks\jdk-15.0.2\bin\java.dll


Dynamic libraries:
0x00007ff691c50000 - 0x00007ff691c5d000 	C:\Users\David Bryan\.jdks\jdk-15.0.2\bin\java.exe
0x00007ff96e7e0000 - 0x00007ff96e9d0000 	C:\Windows\SYSTEM32\ntdll.dll
0x00007ff96e420000 - 0x00007ff96e4d2000 	C:\Windows\System32\KERNEL32.DLL
0x00007ff96c0e0000 - 0x00007ff96c385000 	C:\Windows\System32\KERNELBASE.dll
0x00007ff96bfe0000 - 0x00007ff96c0da000 	C:\Windows\System32\ucrtbase.dll
0x00007ff9630c0000 - 0x00007ff9630d8000 	C:\Users\David Bryan\.jdks\jdk-15.0.2\bin\jli.dll
0x00007ff962220000 - 0x00007ff962239000 	C:\Users\David Bryan\.jdks\jdk-15.0.2\bin\VCRUNTIME140.dll
0x00007ff96e4e0000 - 0x00007ff96e674000 	C:\Windows\System32\USER32.dll
0x00007ff96c710000 - 0x00007ff96c731000 	C:\Windows\System32\win32u.dll
0x00007ff953080000 - 0x00007ff953304000 	C:\Windows\WinSxS\amd64_microsoft.windows.common-controls_6595b64144ccf1df_6.0.18362.1316_none_9e7a364fe461dbd7\COMCTL32.dll
0x00007ff96d0b0000 - 0x00007ff96d0d6000 	C:\Windows\System32\GDI32.dll
0x00007ff96d5e0000 - 0x00007ff96d67e000 	C:\Windows\System32\msvcrt.dll
0x00007ff96c4d0000 - 0x00007ff96c668000 	C:\Windows\System32\gdi32full.dll
0x00007ff96c9a0000 - 0x00007ff96ccd7000 	C:\Windows\System32\combase.dll
0x00007ff96bf40000 - 0x00007ff96bfde000 	C:\Windows\System32\msvcp_win.dll
0x00007ff96e680000 - 0x00007ff96e79f000 	C:\Windows\System32\RPCRT4.dll
0x00007ff96c440000 - 0x00007ff96c4c1000 	C:\Windows\System32\bcryptPrimitives.dll
0x00007ff96cd40000 - 0x00007ff96cd6e000 	C:\Windows\System32\IMM32.DLL
0x00007ff963430000 - 0x00007ff96343c000 	C:\Users\David Bryan\.jdks\jdk-15.0.2\bin\vcruntime140_1.dll
0x00007ff94ada0000 - 0x00007ff94ae31000 	C:\Users\David Bryan\.jdks\jdk-15.0.2\bin\msvcp140.dll
0x00007ff91cf20000 - 0x00007ff91da7e000 	C:\Users\David Bryan\.jdks\jdk-15.0.2\bin\server\jvm.dll
0x00007ff96c890000 - 0x00007ff96c933000 	C:\Windows\System32\ADVAPI32.dll
0x00007ff96d390000 - 0x00007ff96d427000 	C:\Windows\System32\sechost.dll
0x00007ff96d680000 - 0x00007ff96d688000 	C:\Windows\System32\PSAPI.DLL
0x00007ff968d10000 - 0x00007ff968d34000 	C:\Windows\SYSTEM32\WINMM.dll
0x00007ff964f50000 - 0x00007ff964f5a000 	C:\Windows\SYSTEM32\VERSION.dll
0x00007ff9644b0000 - 0x00007ff9644b9000 	C:\Windows\SYSTEM32\WSOCK32.dll
0x00007ff96cf70000 - 0x00007ff96cfdf000 	C:\Windows\System32\WS2_32.dll
0x00007ff968ce0000 - 0x00007ff968d0d000 	C:\Windows\SYSTEM32\winmmbase.dll
0x00007ff96c6a0000 - 0x00007ff96c6ea000 	C:\Windows\System32\cfgmgr32.dll
0x00007ff96b6f0000 - 0x00007ff96b701000 	C:\Windows\System32\kernel.appcore.dll
0x00007ff9633b0000 - 0x00007ff9633ba000 	C:\Users\David Bryan\.jdks\jdk-15.0.2\bin\jimage.dll
0x00007ff969eb0000 - 0x00007ff96a0a4000 	C:\Windows\SYSTEM32\DBGHELP.DLL
0x00007ff962620000 - 0x00007ff96264a000 	C:\Windows\SYSTEM32\dbgcore.DLL
0x00007ff963380000 - 0x00007ff96338e000 	C:\Users\David Bryan\.jdks\jdk-15.0.2\bin\instrument.dll
0x00007ff95fe10000 - 0x00007ff95fe35000 	C:\Users\David Bryan\.jdks\jdk-15.0.2\bin\java.dll

dbghelp: loaded successfully - version: 4.0.5 - missing functions: none
symbol engine: initialized successfully - sym options: 0x614 - pdb path: .;C:\Users\David Bryan\.jdks\jdk-15.0.2\bin;C:\Windows\SYSTEM32;C:\Windows\WinSxS\amd64_microsoft.windows.common-controls_6595b64144ccf1df_6.0.18362.1316_none_9e7a364fe461dbd7;C:\Users\David Bryan\.jdks\jdk-15.0.2\bin\server

VM Arguments:
jvm_args: -Dmaven.multiModuleProjectDirectory=C:\Users\David Bryan\IdeaProjects\MsgLab2\Core -Dmaven.home=C:\Program Files\JetBrains\IntelliJ IDEA Community Edition 2020.3\plugins\maven\lib\maven3 -Dclassworlds.conf=C:\Program Files\JetBrains\IntelliJ IDEA Community Edition 2020.3\plugins\maven\lib\maven3\bin\m2.conf -Dmaven.ext.class.path=C:\Program Files\JetBrains\IntelliJ IDEA Community Edition 2020.3\plugins\maven\lib\maven-event-listener.jar -javaagent:C:\Program Files\JetBrains\IntelliJ IDEA Community Edition 2020.3\lib\idea_rt.jar=51447:C:\Program Files\JetBrains\IntelliJ IDEA Community Edition 2020.3\bin -Dfile.encoding=UTF-8 
java_command: org.codehaus.classworlds.Launcher -Didea.version=2020.3.2 package
java_class_path (initial): C:\Program Files\JetBrains\IntelliJ IDEA Community Edition 2020.3\plugins\maven\lib\maven3\boot\plexus-classworlds-2.6.0.jar;C:\Program Files\JetBrains\IntelliJ IDEA Community Edition 2020.3\plugins\maven\lib\maven3\boot\plexus-classworlds.license
Launcher Type: SUN_STANDARD

[Global flags]
     intx CICompilerCount                          = 4                                         {product} {ergonomic}
     uint ConcGCThreads                            = 3                                         {product} {ergonomic}
     uint G1ConcRefinementThreads                  = 10                                        {product} {ergonomic}
   size_t G1HeapRegionSize                         = 2097152                                   {product} {ergonomic}
    uintx GCDrainStackTargetSize                   = 64                                        {product} {ergonomic}
   size_t InitialHeapSize                          = 266338304                                 {product} {ergonomic}
   size_t MarkStackSize                            = 4194304                                   {product} {ergonomic}
   size_t MaxHeapSize                              = 4250927104                                {product} {ergonomic}
   size_t MinHeapDeltaBytes                        = 2097152                                   {product} {ergonomic}
   size_t MinHeapSize                              = 8388608                                   {product} {ergonomic}
    uintx NonNMethodCodeHeapSize                   = 5839372                                {pd product} {ergonomic}
    uintx NonProfiledCodeHeapSize                  = 122909434                              {pd product} {ergonomic}
    uintx ProfiledCodeHeapSize                     = 122909434                              {pd product} {ergonomic}
    uintx ReservedCodeCacheSize                    = 251658240                              {pd product} {ergonomic}
     bool SegmentedCodeCache                       = true                                      {product} {ergonomic}
   size_t SoftMaxHeapSize                          = 4250927104                             {manageable} {ergonomic}
     bool UseCompressedClassPointers               = true                                 {lp64_product} {ergonomic}
     bool UseCompressedOops                        = true                                 {lp64_product} {ergonomic}
     bool UseG1GC                                  = true                                      {product} {ergonomic}
     bool UseLargePagesIndividualAllocation        = false                                  {pd product} {ergonomic}

Logging:
Log output configuration:
 #0: stdout all=warning uptime,level,tags
 #1: stderr all=off uptime,level,tags

Environment Variables:
PATH=C:\Program Files\Common Files\Oracle\Java\javapath;C:\Program Files (x86)\Common Files\Oracle\Java\javapath;C:\Windows\system32;C:\Windows;C:\Windows\System32\Wbem;C:\Windows\System32\WindowsPowerShell\v1.0\;C:\Windows\System32\OpenSSH\;C:\Program Files (x86)\NVIDIA Corporation\PhysX\Common;C:\Program Files\NVIDIA Corporation\NVIDIA NvDLISR;C:\Program Files\Git\cmd;C:\Program Files (x86)\Bitvise SSH Client;C:\Users\David Bryan\AppData\Local\Microsoft\WindowsApps;C:\Users\David Bryan\AppData\Local\GitHubDesktop\bin
USERNAME=David Bryan
OS=Windows_NT
PROCESSOR_IDENTIFIER=Intel64 Family 6 Model 165 Stepping 2, GenuineIntel



---------------  S Y S T E M  ---------------

OS:
 Windows 10 , 64 bit Build 18362 (10.0.18362.1316)
OS uptime: 2 days 23:35 hours

CPU: total 12 (initial active 12) (6 cores per cpu, 2 threads per core) family 6 model 165 stepping 2 microcode 0xc8, cmov, cx8, fxsr, mmx, sse, sse2, sse3, ssse3, sse4.1, sse4.2, popcnt, vzeroupper, avx, avx2, aes, clmul, erms, 3dnowpref, lzcnt, ht, tsc, tscinvbit, bmi1, bmi2, adx, fma, clflush, clflushopt

Memory: 4k page, system-wide physical 16215M (2323M free)
TotalPageFile size 65367M (AvailPageFile size 191M)
current process WorkingSet (physical memory assigned to process): 10M, peak: 10M
current process commit charge ("private bytes"): 64M, peak: 318M

vm_info: OpenJDK 64-Bit Server VM (15.0.2+7-27) for windows-amd64 JRE (15.0.2+7-27), built on Dec  7 2020 20:02:38 by "mach5one" with unknown MS VC++:1925

END.
