#
# There is insufficient memory for the Java Runtime Environment to continue.
# Native memory allocation (malloc) failed to allocate 262160 bytes for Chunk::new
# Possible reasons:
#   The system is out of physical RAM or swap space
#   The process is running with CompressedOops enabled, and the Java Heap may be blocking the growth of the native heap
# Possible solutions:
#   Reduce memory load on the system
#   Increase physical memory or swap space
#   Check if swap backing store is full
#   Decrease Java heap size (-Xmx/-Xms)
#   Decrease number of Java threads
#   Decrease Java thread stack sizes (-Xss)
#   Set larger code cache with -XX:ReservedCodeCacheSize=
#   JVM is running with Zero Based Compressed Oops mode in which the Java heap is
#     placed in the first 32GB address space. The Java Heap base address is the
#     maximum limit for the native heap growth. Please use -XX:HeapBaseMinAddress
#     to set the Java Heap base and to place the Java Heap above 32GB virtual address.
# This output file may be truncated or incomplete.
#
#  Out of Memory Error (./open/src/hotspot/share/memory/arena.cpp:195), pid=9672, tid=16852
#
# JRE version: OpenJDK Runtime Environment (15.0.2+7) (build 15.0.2+7-27)
# Java VM: OpenJDK 64-Bit Server VM (15.0.2+7-27, mixed mode, sharing, tiered, compressed oops, g1 gc, windows-amd64)
# No core dump will be written. Minidumps are not enabled by default on client versions of Windows
#

---------------  S U M M A R Y ------------

Command Line: -Dmaven.multiModuleProjectDirectory=C:\Users\David Bryan\IdeaProjects\MsgLab2\Core -Dmaven.home=C:\Program Files\JetBrains\IntelliJ IDEA Community Edition 2020.3\plugins\maven\lib\maven3 -Dclassworlds.conf=C:\Program Files\JetBrains\IntelliJ IDEA Community Edition 2020.3\plugins\maven\lib\maven3\bin\m2.conf -Dmaven.ext.class.path=C:\Program Files\JetBrains\IntelliJ IDEA Community Edition 2020.3\plugins\maven\lib\maven-event-listener.jar -javaagent:C:\Program Files\JetBrains\IntelliJ IDEA Community Edition 2020.3\lib\idea_rt.jar=50501:C:\Program Files\JetBrains\IntelliJ IDEA Community Edition 2020.3\bin -Dfile.encoding=UTF-8 org.codehaus.classworlds.Launcher -Didea.version=2020.3.2 package

Host: Intel(R) Core(TM) i7-10750H CPU @ 2.60GHz, 12 cores, 15G,  Windows 10 , 64 bit Build 18362 (10.0.18362.1316)
Time: Sun Feb 14 08:31:00 2021 Hora est. Pacífico, Sudamérica elapsed time: 1.093962 seconds (0d 0h 0m 1s)

---------------  T H R E A D  ---------------

Current thread (0x000001c4a652ece0):  JavaThread "C2 CompilerThread2" daemon [_thread_in_native, id=16852, stack(0x00000025cf500000,0x00000025cf600000)]


Current CompileTask:
C2:   1094 1888   !   4       java.net.URL::<init> (543 bytes)

Stack: [0x00000025cf500000,0x00000025cf600000]
Native frames: (J=compiled Java code, j=interpreted, Vv=VM code, C=native code)
V  [jvm.dll+0x62ae9a]
V  [jvm.dll+0x7817a9]
V  [jvm.dll+0x782f03]
V  [jvm.dll+0x783563]
V  [jvm.dll+0x216325]
V  [jvm.dll+0x97f3a]
V  [jvm.dll+0x980ad]
V  [jvm.dll+0x609d14]
V  [jvm.dll+0x6bfe3]
V  [jvm.dll+0x652ce0]
V  [jvm.dll+0x6517ae]
V  [jvm.dll+0x1eba4f]
V  [jvm.dll+0x1e9867]
V  [jvm.dll+0x178567]
V  [jvm.dll+0x1f9225]
V  [jvm.dll+0x1f72cc]
V  [jvm.dll+0x74495d]
V  [jvm.dll+0x73d75a]
V  [jvm.dll+0x629c56]
C  [ucrtbase.dll+0x210b2]
C  [KERNEL32.DLL+0x17c24]
C  [ntdll.dll+0x6d4d1]


---------------  P R O C E S S  ---------------

Threads class SMR info:
_java_thread_list=0x000001c4a6004c70, length=14, elements={
0x000001c4ffc130f0, 0x000001c4a5a5b100, 0x000001c4a5a5bbe0, 0x000001c4a5a6e660,
0x000001c4a5a72f40, 0x000001c4a5a74910, 0x000001c4a5a756b0, 0x000001c4a5a7bb80,
0x000001c4a5a8f070, 0x000001c4a5b8fd20, 0x000001c4a5c5c000, 0x000001c4a5c5c4d0,
0x000001c4a5d18460, 0x000001c4a652ece0
}

Java Threads: ( => current thread )
  0x000001c4ffc130f0 JavaThread "main" [_thread_in_Java, id=664, stack(0x00000025ce100000,0x00000025ce200000)]
  0x000001c4a5a5b100 JavaThread "Reference Handler" daemon [_thread_blocked, id=24324, stack(0x00000025ce800000,0x00000025ce900000)]
  0x000001c4a5a5bbe0 JavaThread "Finalizer" daemon [_thread_blocked, id=21020, stack(0x00000025ce900000,0x00000025cea00000)]
  0x000001c4a5a6e660 JavaThread "Signal Dispatcher" daemon [_thread_blocked, id=21656, stack(0x00000025cea00000,0x00000025ceb00000)]
  0x000001c4a5a72f40 JavaThread "Attach Listener" daemon [_thread_blocked, id=10200, stack(0x00000025ceb00000,0x00000025cec00000)]
  0x000001c4a5a74910 JavaThread "Service Thread" daemon [_thread_blocked, id=18268, stack(0x00000025cec00000,0x00000025ced00000)]
  0x000001c4a5a756b0 JavaThread "C2 CompilerThread0" daemon [_thread_in_native, id=3416, stack(0x00000025ced00000,0x00000025cee00000)]
  0x000001c4a5a7bb80 JavaThread "C1 CompilerThread0" daemon [_thread_in_native, id=23064, stack(0x00000025cee00000,0x00000025cef00000)]
  0x000001c4a5a8f070 JavaThread "Sweeper thread" daemon [_thread_blocked, id=23536, stack(0x00000025cef00000,0x00000025cf000000)]
  0x000001c4a5b8fd20 JavaThread "Common-Cleaner" daemon [_thread_blocked, id=3684, stack(0x00000025cf000000,0x00000025cf100000)]
  0x000001c4a5c5c000 JavaThread "Monitor Ctrl-Break" daemon [_thread_in_native, id=19428, stack(0x00000025cf100000,0x00000025cf200000)]
  0x000001c4a5c5c4d0 JavaThread "Notification Thread" daemon [_thread_blocked, id=20856, stack(0x00000025cf200000,0x00000025cf300000)]
  0x000001c4a5d18460 JavaThread "C2 CompilerThread1" daemon [_thread_in_native, id=23672, stack(0x00000025cf400000,0x00000025cf500000)]
=>0x000001c4a652ece0 JavaThread "C2 CompilerThread2" daemon [_thread_in_native, id=16852, stack(0x00000025cf500000,0x00000025cf600000)]

Other Threads:
  0x000001c4a5a59ba0 VMThread "VM Thread" [stack: 0x00000025ce700000,0x00000025ce800000] [id=21016]
  0x000001c4ffc14220 WatcherThread [stack: 0x00000025cf300000,0x00000025cf400000] [id=9488]
  0x000001c4ffc62a90 GCTaskThread "GC Thread#0" [stack: 0x00000025ce200000,0x00000025ce300000] [id=8784]
  0x000001c4a6d5e280 GCTaskThread "GC Thread#1" [stack: 0x00000025cf600000,0x00000025cf700000] [id=19324]
  0x000001c4a6d5cf60 GCTaskThread "GC Thread#2" [stack: 0x00000025cf700000,0x00000025cf800000] [id=17808]
  0x000001c4a6d5c2a0 GCTaskThread "GC Thread#3" [stack: 0x00000025cf800000,0x00000025cf900000] [id=3716]
  0x000001c4a6d5e8e0 GCTaskThread "GC Thread#4" [stack: 0x00000025cf900000,0x00000025cfa00000] [id=19736]
  0x000001c4a6d5dc20 GCTaskThread "GC Thread#5" [stack: 0x00000025cfa00000,0x00000025cfb00000] [id=8912]
  0x000001c4ffc75860 ConcurrentGCThread "G1 Main Marker" [stack: 0x00000025ce300000,0x00000025ce400000] [id=3352]
  0x000001c4ffc76b00 ConcurrentGCThread "G1 Conc#0" [stack: 0x00000025ce400000,0x00000025ce500000] [id=22828]
  0x000001c4a50d24d0 ConcurrentGCThread "G1 Refine#0" [stack: 0x00000025ce500000,0x00000025ce600000] [id=17768]
  0x000001c4a50d2fe0 ConcurrentGCThread "G1 Young RemSet Sampling" [stack: 0x00000025ce600000,0x00000025ce700000] [id=21836]

Threads with active compile tasks:
C2 CompilerThread0     1109 1934   !   4       java.lang.reflect.Field::declaredAnnotations (82 bytes)
C1 CompilerThread0     1109 1980   !   3       com.google.inject.internal.MembersInjectorImpl::injectMembers (144 bytes)
C2 CompilerThread1     1109 1921       4       com.google.inject.internal.MoreTypes::canonicalize (148 bytes)
C2 CompilerThread2     1109 1888   !   4       java.net.URL::<init> (543 bytes)

VM state: not at safepoint (normal execution)

VM Mutex/Monitor currently owned by a thread: None

Heap address: 0x0000000702a00000, size: 4054 MB, Compressed Oops mode: Zero based, Oop shift amount: 3
CDS archive(s) mapped at: [0x0000000800000000-0x0000000800b50000-0x0000000800b50000), size 11862016, SharedBaseAddress: 0x0000000800000000, ArchiveRelocationMode: 0.
Compressed class space mapped at: 0x0000000800b50000-0x0000000840b50000, size: 1073741824
Narrow klass base: 0x0000000800000000, Narrow klass shift: 3, Narrow klass range: 0x100000000

GC Precious Log:
 CPUs: 12 total, 12 available
 Memory: 16215M
 Large Page Support: Disabled
 NUMA Support: Disabled
 Compressed Oops: Enabled (Zero based)
 Heap Region Size: 2M
 Heap Min Capacity: 8M
 Heap Initial Capacity: 254M
 Heap Max Capacity: 4054M
 Pre-touch: Disabled
 Parallel Workers: 10
 Concurrent Workers: 3
 Concurrent Refinement Workers: 10
 Periodic GC: Disabled

Heap:
 garbage-first heap   total 260096K, used 13577K [0x0000000702a00000, 0x0000000800000000)
  region size 2048K, 6 young (12288K), 1 survivors (2048K)
 Metaspace       used 11266K, capacity 12566K, committed 12800K, reserved 1060864K
  class space    used 1343K, capacity 1519K, committed 1536K, reserved 1048576K

Heap Regions: E=young(eden), S=young(survivor), O=old, HS=humongous(starts), HC=humongous(continues), CS=collection set, F=free, OA=open archive, CA=closed archive, TAMS=top-at-mark-start (previous, next)
|   0|0x0000000702a00000, 0x0000000702c00000, 0x0000000702c00000|100%| O|  |TAMS 0x0000000702a00000, 0x0000000702a00000| Untracked 
|   1|0x0000000702c00000, 0x0000000702d99c00, 0x0000000702e00000| 80%| O|  |TAMS 0x0000000702c00000, 0x0000000702c00000| Untracked 
|   2|0x0000000702e00000, 0x0000000702e00000, 0x0000000703000000|  0%| F|  |TAMS 0x0000000702e00000, 0x0000000702e00000| Untracked 
|   3|0x0000000703000000, 0x0000000703000000, 0x0000000703200000|  0%| F|  |TAMS 0x0000000703000000, 0x0000000703000000| Untracked 
|   4|0x0000000703200000, 0x0000000703200000, 0x0000000703400000|  0%| F|  |TAMS 0x0000000703200000, 0x0000000703200000| Untracked 
|   5|0x0000000703400000, 0x0000000703400000, 0x0000000703600000|  0%| F|  |TAMS 0x0000000703400000, 0x0000000703400000| Untracked 
|   6|0x0000000703600000, 0x0000000703600000, 0x0000000703800000|  0%| F|  |TAMS 0x0000000703600000, 0x0000000703600000| Untracked 
|   7|0x0000000703800000, 0x0000000703800000, 0x0000000703a00000|  0%| F|  |TAMS 0x0000000703800000, 0x0000000703800000| Untracked 
|   8|0x0000000703a00000, 0x0000000703a00000, 0x0000000703c00000|  0%| F|  |TAMS 0x0000000703a00000, 0x0000000703a00000| Untracked 
|   9|0x0000000703c00000, 0x0000000703c00000, 0x0000000703e00000|  0%| F|  |TAMS 0x0000000703c00000, 0x0000000703c00000| Untracked 
|  10|0x0000000703e00000, 0x0000000703e00000, 0x0000000704000000|  0%| F|  |TAMS 0x0000000703e00000, 0x0000000703e00000| Untracked 
|  11|0x0000000704000000, 0x0000000704000000, 0x0000000704200000|  0%| F|  |TAMS 0x0000000704000000, 0x0000000704000000| Untracked 
|  12|0x0000000704200000, 0x0000000704200000, 0x0000000704400000|  0%| F|  |TAMS 0x0000000704200000, 0x0000000704200000| Untracked 
|  13|0x0000000704400000, 0x0000000704400000, 0x0000000704600000|  0%| F|  |TAMS 0x0000000704400000, 0x0000000704400000| Untracked 
|  14|0x0000000704600000, 0x0000000704600000, 0x0000000704800000|  0%| F|  |TAMS 0x0000000704600000, 0x0000000704600000| Untracked 
|  15|0x0000000704800000, 0x0000000704800000, 0x0000000704a00000|  0%| F|  |TAMS 0x0000000704800000, 0x0000000704800000| Untracked 
|  16|0x0000000704a00000, 0x0000000704a00000, 0x0000000704c00000|  0%| F|  |TAMS 0x0000000704a00000, 0x0000000704a00000| Untracked 
|  17|0x0000000704c00000, 0x0000000704c00000, 0x0000000704e00000|  0%| F|  |TAMS 0x0000000704c00000, 0x0000000704c00000| Untracked 
|  18|0x0000000704e00000, 0x0000000704e00000, 0x0000000705000000|  0%| F|  |TAMS 0x0000000704e00000, 0x0000000704e00000| Untracked 
|  19|0x0000000705000000, 0x0000000705000000, 0x0000000705200000|  0%| F|  |TAMS 0x0000000705000000, 0x0000000705000000| Untracked 
|  20|0x0000000705200000, 0x0000000705200000, 0x0000000705400000|  0%| F|  |TAMS 0x0000000705200000, 0x0000000705200000| Untracked 
|  21|0x0000000705400000, 0x0000000705400000, 0x0000000705600000|  0%| F|  |TAMS 0x0000000705400000, 0x0000000705400000| Untracked 
|  22|0x0000000705600000, 0x0000000705600000, 0x0000000705800000|  0%| F|  |TAMS 0x0000000705600000, 0x0000000705600000| Untracked 
|  23|0x0000000705800000, 0x0000000705800000, 0x0000000705a00000|  0%| F|  |TAMS 0x0000000705800000, 0x0000000705800000| Untracked 
|  24|0x0000000705a00000, 0x0000000705a00000, 0x0000000705c00000|  0%| F|  |TAMS 0x0000000705a00000, 0x0000000705a00000| Untracked 
|  25|0x0000000705c00000, 0x0000000705c00000, 0x0000000705e00000|  0%| F|  |TAMS 0x0000000705c00000, 0x0000000705c00000| Untracked 
|  26|0x0000000705e00000, 0x0000000705e00000, 0x0000000706000000|  0%| F|  |TAMS 0x0000000705e00000, 0x0000000705e00000| Untracked 
|  27|0x0000000706000000, 0x0000000706000000, 0x0000000706200000|  0%| F|  |TAMS 0x0000000706000000, 0x0000000706000000| Untracked 
|  28|0x0000000706200000, 0x0000000706200000, 0x0000000706400000|  0%| F|  |TAMS 0x0000000706200000, 0x0000000706200000| Untracked 
|  29|0x0000000706400000, 0x0000000706400000, 0x0000000706600000|  0%| F|  |TAMS 0x0000000706400000, 0x0000000706400000| Untracked 
|  30|0x0000000706600000, 0x0000000706600000, 0x0000000706800000|  0%| F|  |TAMS 0x0000000706600000, 0x0000000706600000| Untracked 
|  31|0x0000000706800000, 0x0000000706800000, 0x0000000706a00000|  0%| F|  |TAMS 0x0000000706800000, 0x0000000706800000| Untracked 
|  32|0x0000000706a00000, 0x0000000706a00000, 0x0000000706c00000|  0%| F|  |TAMS 0x0000000706a00000, 0x0000000706a00000| Untracked 
|  33|0x0000000706c00000, 0x0000000706c00000, 0x0000000706e00000|  0%| F|  |TAMS 0x0000000706c00000, 0x0000000706c00000| Untracked 
|  34|0x0000000706e00000, 0x0000000706e00000, 0x0000000707000000|  0%| F|  |TAMS 0x0000000706e00000, 0x0000000706e00000| Untracked 
|  35|0x0000000707000000, 0x0000000707000000, 0x0000000707200000|  0%| F|  |TAMS 0x0000000707000000, 0x0000000707000000| Untracked 
|  36|0x0000000707200000, 0x0000000707200000, 0x0000000707400000|  0%| F|  |TAMS 0x0000000707200000, 0x0000000707200000| Untracked 
|  37|0x0000000707400000, 0x0000000707400000, 0x0000000707600000|  0%| F|  |TAMS 0x0000000707400000, 0x0000000707400000| Untracked 
|  38|0x0000000707600000, 0x0000000707600000, 0x0000000707800000|  0%| F|  |TAMS 0x0000000707600000, 0x0000000707600000| Untracked 
|  39|0x0000000707800000, 0x0000000707800000, 0x0000000707a00000|  0%| F|  |TAMS 0x0000000707800000, 0x0000000707800000| Untracked 
|  40|0x0000000707a00000, 0x0000000707a00000, 0x0000000707c00000|  0%| F|  |TAMS 0x0000000707a00000, 0x0000000707a00000| Untracked 
|  41|0x0000000707c00000, 0x0000000707c00000, 0x0000000707e00000|  0%| F|  |TAMS 0x0000000707c00000, 0x0000000707c00000| Untracked 
|  42|0x0000000707e00000, 0x0000000707e00000, 0x0000000708000000|  0%| F|  |TAMS 0x0000000707e00000, 0x0000000707e00000| Untracked 
|  43|0x0000000708000000, 0x0000000708000000, 0x0000000708200000|  0%| F|  |TAMS 0x0000000708000000, 0x0000000708000000| Untracked 
|  44|0x0000000708200000, 0x0000000708200000, 0x0000000708400000|  0%| F|  |TAMS 0x0000000708200000, 0x0000000708200000| Untracked 
|  45|0x0000000708400000, 0x0000000708400000, 0x0000000708600000|  0%| F|  |TAMS 0x0000000708400000, 0x0000000708400000| Untracked 
|  46|0x0000000708600000, 0x0000000708600000, 0x0000000708800000|  0%| F|  |TAMS 0x0000000708600000, 0x0000000708600000| Untracked 
|  47|0x0000000708800000, 0x0000000708800000, 0x0000000708a00000|  0%| F|  |TAMS 0x0000000708800000, 0x0000000708800000| Untracked 
|  48|0x0000000708a00000, 0x0000000708a00000, 0x0000000708c00000|  0%| F|  |TAMS 0x0000000708a00000, 0x0000000708a00000| Untracked 
|  49|0x0000000708c00000, 0x0000000708c00000, 0x0000000708e00000|  0%| F|  |TAMS 0x0000000708c00000, 0x0000000708c00000| Untracked 
|  50|0x0000000708e00000, 0x0000000708e00000, 0x0000000709000000|  0%| F|  |TAMS 0x0000000708e00000, 0x0000000708e00000| Untracked 
|  51|0x0000000709000000, 0x0000000709000000, 0x0000000709200000|  0%| F|  |TAMS 0x0000000709000000, 0x0000000709000000| Untracked 
|  52|0x0000000709200000, 0x0000000709200000, 0x0000000709400000|  0%| F|  |TAMS 0x0000000709200000, 0x0000000709200000| Untracked 
|  53|0x0000000709400000, 0x0000000709400000, 0x0000000709600000|  0%| F|  |TAMS 0x0000000709400000, 0x0000000709400000| Untracked 
|  54|0x0000000709600000, 0x0000000709600000, 0x0000000709800000|  0%| F|  |TAMS 0x0000000709600000, 0x0000000709600000| Untracked 
|  55|0x0000000709800000, 0x0000000709800000, 0x0000000709a00000|  0%| F|  |TAMS 0x0000000709800000, 0x0000000709800000| Untracked 
|  56|0x0000000709a00000, 0x0000000709a00000, 0x0000000709c00000|  0%| F|  |TAMS 0x0000000709a00000, 0x0000000709a00000| Untracked 
|  57|0x0000000709c00000, 0x0000000709c00000, 0x0000000709e00000|  0%| F|  |TAMS 0x0000000709c00000, 0x0000000709c00000| Untracked 
|  58|0x0000000709e00000, 0x0000000709e00000, 0x000000070a000000|  0%| F|  |TAMS 0x0000000709e00000, 0x0000000709e00000| Untracked 
|  59|0x000000070a000000, 0x000000070a000000, 0x000000070a200000|  0%| F|  |TAMS 0x000000070a000000, 0x000000070a000000| Untracked 
|  60|0x000000070a200000, 0x000000070a200000, 0x000000070a400000|  0%| F|  |TAMS 0x000000070a200000, 0x000000070a200000| Untracked 
|  61|0x000000070a400000, 0x000000070a400000, 0x000000070a600000|  0%| F|  |TAMS 0x000000070a400000, 0x000000070a400000| Untracked 
|  62|0x000000070a600000, 0x000000070a600000, 0x000000070a800000|  0%| F|  |TAMS 0x000000070a600000, 0x000000070a600000| Untracked 
|  63|0x000000070a800000, 0x000000070a800000, 0x000000070aa00000|  0%| F|  |TAMS 0x000000070a800000, 0x000000070a800000| Untracked 
|  64|0x000000070aa00000, 0x000000070aa00000, 0x000000070ac00000|  0%| F|  |TAMS 0x000000070aa00000, 0x000000070aa00000| Untracked 
|  65|0x000000070ac00000, 0x000000070ac00000, 0x000000070ae00000|  0%| F|  |TAMS 0x000000070ac00000, 0x000000070ac00000| Untracked 
|  66|0x000000070ae00000, 0x000000070ae00000, 0x000000070b000000|  0%| F|  |TAMS 0x000000070ae00000, 0x000000070ae00000| Untracked 
|  67|0x000000070b000000, 0x000000070b000000, 0x000000070b200000|  0%| F|  |TAMS 0x000000070b000000, 0x000000070b000000| Untracked 
|  68|0x000000070b200000, 0x000000070b200000, 0x000000070b400000|  0%| F|  |TAMS 0x000000070b200000, 0x000000070b200000| Untracked 
|  69|0x000000070b400000, 0x000000070b400000, 0x000000070b600000|  0%| F|  |TAMS 0x000000070b400000, 0x000000070b400000| Untracked 
|  70|0x000000070b600000, 0x000000070b600000, 0x000000070b800000|  0%| F|  |TAMS 0x000000070b600000, 0x000000070b600000| Untracked 
|  71|0x000000070b800000, 0x000000070b800000, 0x000000070ba00000|  0%| F|  |TAMS 0x000000070b800000, 0x000000070b800000| Untracked 
|  72|0x000000070ba00000, 0x000000070ba00000, 0x000000070bc00000|  0%| F|  |TAMS 0x000000070ba00000, 0x000000070ba00000| Untracked 
|  73|0x000000070bc00000, 0x000000070bc00000, 0x000000070be00000|  0%| F|  |TAMS 0x000000070bc00000, 0x000000070bc00000| Untracked 
|  74|0x000000070be00000, 0x000000070be00000, 0x000000070c000000|  0%| F|  |TAMS 0x000000070be00000, 0x000000070be00000| Untracked 
|  75|0x000000070c000000, 0x000000070c000000, 0x000000070c200000|  0%| F|  |TAMS 0x000000070c000000, 0x000000070c000000| Untracked 
|  76|0x000000070c200000, 0x000000070c200000, 0x000000070c400000|  0%| F|  |TAMS 0x000000070c200000, 0x000000070c200000| Untracked 
|  77|0x000000070c400000, 0x000000070c400000, 0x000000070c600000|  0%| F|  |TAMS 0x000000070c400000, 0x000000070c400000| Untracked 
|  78|0x000000070c600000, 0x000000070c600000, 0x000000070c800000|  0%| F|  |TAMS 0x000000070c600000, 0x000000070c600000| Untracked 
|  79|0x000000070c800000, 0x000000070c800000, 0x000000070ca00000|  0%| F|  |TAMS 0x000000070c800000, 0x000000070c800000| Untracked 
|  80|0x000000070ca00000, 0x000000070ca00000, 0x000000070cc00000|  0%| F|  |TAMS 0x000000070ca00000, 0x000000070ca00000| Untracked 
|  81|0x000000070cc00000, 0x000000070cc00000, 0x000000070ce00000|  0%| F|  |TAMS 0x000000070cc00000, 0x000000070cc00000| Untracked 
|  82|0x000000070ce00000, 0x000000070ce00000, 0x000000070d000000|  0%| F|  |TAMS 0x000000070ce00000, 0x000000070ce00000| Untracked 
|  83|0x000000070d000000, 0x000000070d000000, 0x000000070d200000|  0%| F|  |TAMS 0x000000070d000000, 0x000000070d000000| Untracked 
|  84|0x000000070d200000, 0x000000070d200000, 0x000000070d400000|  0%| F|  |TAMS 0x000000070d200000, 0x000000070d200000| Untracked 
|  85|0x000000070d400000, 0x000000070d400000, 0x000000070d600000|  0%| F|  |TAMS 0x000000070d400000, 0x000000070d400000| Untracked 
|  86|0x000000070d600000, 0x000000070d600000, 0x000000070d800000|  0%| F|  |TAMS 0x000000070d600000, 0x000000070d600000| Untracked 
|  87|0x000000070d800000, 0x000000070d800000, 0x000000070da00000|  0%| F|  |TAMS 0x000000070d800000, 0x000000070d800000| Untracked 
|  88|0x000000070da00000, 0x000000070da00000, 0x000000070dc00000|  0%| F|  |TAMS 0x000000070da00000, 0x000000070da00000| Untracked 
|  89|0x000000070dc00000, 0x000000070dc00000, 0x000000070de00000|  0%| F|  |TAMS 0x000000070dc00000, 0x000000070dc00000| Untracked 
|  90|0x000000070de00000, 0x000000070de00000, 0x000000070e000000|  0%| F|  |TAMS 0x000000070de00000, 0x000000070de00000| Untracked 
|  91|0x000000070e000000, 0x000000070e000000, 0x000000070e200000|  0%| F|  |TAMS 0x000000070e000000, 0x000000070e000000| Untracked 
|  92|0x000000070e200000, 0x000000070e200000, 0x000000070e400000|  0%| F|  |TAMS 0x000000070e200000, 0x000000070e200000| Untracked 
|  93|0x000000070e400000, 0x000000070e400000, 0x000000070e600000|  0%| F|  |TAMS 0x000000070e400000, 0x000000070e400000| Untracked 
|  94|0x000000070e600000, 0x000000070e600000, 0x000000070e800000|  0%| F|  |TAMS 0x000000070e600000, 0x000000070e600000| Untracked 
|  95|0x000000070e800000, 0x000000070e800000, 0x000000070ea00000|  0%| F|  |TAMS 0x000000070e800000, 0x000000070e800000| Untracked 
|  96|0x000000070ea00000, 0x000000070ea00000, 0x000000070ec00000|  0%| F|  |TAMS 0x000000070ea00000, 0x000000070ea00000| Untracked 
|  97|0x000000070ec00000, 0x000000070ec00000, 0x000000070ee00000|  0%| F|  |TAMS 0x000000070ec00000, 0x000000070ec00000| Untracked 
|  98|0x000000070ee00000, 0x000000070ee00000, 0x000000070f000000|  0%| F|  |TAMS 0x000000070ee00000, 0x000000070ee00000| Untracked 
|  99|0x000000070f000000, 0x000000070f000000, 0x000000070f200000|  0%| F|  |TAMS 0x000000070f000000, 0x000000070f000000| Untracked 
| 100|0x000000070f200000, 0x000000070f200000, 0x000000070f400000|  0%| F|  |TAMS 0x000000070f200000, 0x000000070f200000| Untracked 
| 101|0x000000070f400000, 0x000000070f400000, 0x000000070f600000|  0%| F|  |TAMS 0x000000070f400000, 0x000000070f400000| Untracked 
| 102|0x000000070f600000, 0x000000070f600000, 0x000000070f800000|  0%| F|  |TAMS 0x000000070f600000, 0x000000070f600000| Untracked 
| 103|0x000000070f800000, 0x000000070f800000, 0x000000070fa00000|  0%| F|  |TAMS 0x000000070f800000, 0x000000070f800000| Untracked 
| 104|0x000000070fa00000, 0x000000070fa00000, 0x000000070fc00000|  0%| F|  |TAMS 0x000000070fa00000, 0x000000070fa00000| Untracked 
| 105|0x000000070fc00000, 0x000000070fc00000, 0x000000070fe00000|  0%| F|  |TAMS 0x000000070fc00000, 0x000000070fc00000| Untracked 
| 106|0x000000070fe00000, 0x000000070fe00000, 0x0000000710000000|  0%| F|  |TAMS 0x000000070fe00000, 0x000000070fe00000| Untracked 
| 107|0x0000000710000000, 0x0000000710000000, 0x0000000710200000|  0%| F|  |TAMS 0x0000000710000000, 0x0000000710000000| Untracked 
| 108|0x0000000710200000, 0x0000000710200000, 0x0000000710400000|  0%| F|  |TAMS 0x0000000710200000, 0x0000000710200000| Untracked 
| 109|0x0000000710400000, 0x0000000710400000, 0x0000000710600000|  0%| F|  |TAMS 0x0000000710400000, 0x0000000710400000| Untracked 
| 110|0x0000000710600000, 0x00000007107a8b00, 0x0000000710800000| 82%| S|CS|TAMS 0x0000000710600000, 0x0000000710600000| Complete 
| 111|0x0000000710800000, 0x0000000710800000, 0x0000000710a00000|  0%| F|  |TAMS 0x0000000710800000, 0x0000000710800000| Untracked 
| 112|0x0000000710a00000, 0x0000000710a00000, 0x0000000710c00000|  0%| F|  |TAMS 0x0000000710a00000, 0x0000000710a00000| Untracked 
| 113|0x0000000710c00000, 0x0000000710c00000, 0x0000000710e00000|  0%| F|  |TAMS 0x0000000710c00000, 0x0000000710c00000| Untracked 
| 114|0x0000000710e00000, 0x0000000710e00000, 0x0000000711000000|  0%| F|  |TAMS 0x0000000710e00000, 0x0000000710e00000| Untracked 
| 115|0x0000000711000000, 0x0000000711000000, 0x0000000711200000|  0%| F|  |TAMS 0x0000000711000000, 0x0000000711000000| Untracked 
| 116|0x0000000711200000, 0x0000000711200000, 0x0000000711400000|  0%| F|  |TAMS 0x0000000711200000, 0x0000000711200000| Untracked 
| 117|0x0000000711400000, 0x0000000711400000, 0x0000000711600000|  0%| F|  |TAMS 0x0000000711400000, 0x0000000711400000| Untracked 
| 118|0x0000000711600000, 0x0000000711600000, 0x0000000711800000|  0%| F|  |TAMS 0x0000000711600000, 0x0000000711600000| Untracked 
| 119|0x0000000711800000, 0x0000000711800000, 0x0000000711a00000|  0%| F|  |TAMS 0x0000000711800000, 0x0000000711800000| Untracked 
| 120|0x0000000711a00000, 0x0000000711a00000, 0x0000000711c00000|  0%| F|  |TAMS 0x0000000711a00000, 0x0000000711a00000| Untracked 
| 121|0x0000000711c00000, 0x0000000711c00000, 0x0000000711e00000|  0%| F|  |TAMS 0x0000000711c00000, 0x0000000711c00000| Untracked 
| 122|0x0000000711e00000, 0x0000000712000000, 0x0000000712000000|100%| E|  |TAMS 0x0000000711e00000, 0x0000000711e00000| Complete 
| 123|0x0000000712000000, 0x0000000712200000, 0x0000000712200000|100%| E|CS|TAMS 0x0000000712000000, 0x0000000712000000| Complete 
| 124|0x0000000712200000, 0x0000000712400000, 0x0000000712400000|100%| E|CS|TAMS 0x0000000712200000, 0x0000000712200000| Complete 
| 125|0x0000000712400000, 0x0000000712600000, 0x0000000712600000|100%| E|CS|TAMS 0x0000000712400000, 0x0000000712400000| Complete 
| 126|0x0000000712600000, 0x0000000712800000, 0x0000000712800000|100%| E|CS|TAMS 0x0000000712600000, 0x0000000712600000| Complete 

Card table byte_map: [0x000001c4996f0000,0x000001c499ee0000] _byte_map_base: 0x000001c495edb000

Marking Bits (Prev, Next): (CMBitMap*) 0x000001c4ffc651b0, (CMBitMap*) 0x000001c4ffc651f0
 Prev Bits: [0x000001c49a6d0000, 0x000001c49e628000)
 Next Bits: [0x000001c49e630000, 0x000001c4a2588000)

Polling page: 0x000001c4ff600000

Metaspace:

Usage:
  Non-class:     10.85 MB capacity,     9.73 MB ( 90%) used,     1.11 MB ( 10%) free+waste,     9.88 KB ( <1%) overhead. 
      Class:      1.48 MB capacity,     1.31 MB ( 88%) used,   171.16 KB ( 11%) free+waste,     4.25 KB ( <1%) overhead. 
       Both:     12.33 MB capacity,    11.04 MB ( 90%) used,     1.28 MB ( 10%) free+waste,    14.13 KB ( <1%) overhead. 

Virtual space:
  Non-class space:       12.00 MB reserved,      11.00 MB ( 92%) committed 
      Class space:        1.00 GB reserved,       1.50 MB ( <1%) committed 
             Both:        1.01 GB reserved,      12.50 MB (  1%) committed 

Chunk freelists:
   Non-Class:  25.00 KB
       Class:  17.00 KB
        Both:  42.00 KB

MaxMetaspaceSize: 17179869184.00 GB
CompressedClassSpaceSize: 1.00 GB

CodeHeap 'non-profiled nmethods': size=120000Kb used=779Kb max_used=779Kb free=119220Kb
 bounds [0x000001c491040000, 0x000001c4912b0000, 0x000001c498570000]
CodeHeap 'profiled nmethods': size=120000Kb used=3712Kb max_used=3712Kb free=116287Kb
 bounds [0x000001c489b10000, 0x000001c489ec0000, 0x000001c491040000]
CodeHeap 'non-nmethods': size=5760Kb used=1182Kb max_used=1214Kb free=4577Kb
 bounds [0x000001c489570000, 0x000001c4897e0000, 0x000001c489b10000]
 total_blobs=2443 nmethods=2001 adapters=354
 compilation: enabled
              stopped_count=0, restarted_count=0
 full_count=0

Compilation events (20 events):
Event: 1.088 Thread 0x000001c4a5a7bb80 nmethod 1925 0x000001c489e87610 code [0x000001c489e877e0, 0x000001c489e87ae8]
Event: 1.089 Thread 0x000001c4a5a7bb80 1927       3       com.google.inject.internal.InjectorImpl::isProvider (13 bytes)
Event: 1.089 Thread 0x000001c4a5a756b0 1928       4       java.util.concurrent.locks.AbstractQueuedSynchronizer::compareAndSetState (13 bytes)
Event: 1.089 Thread 0x000001c4a5a7bb80 nmethod 1927 0x000001c489e87c10 code [0x000001c489e87dc0, 0x000001c489e88038]
Event: 1.089 Thread 0x000001c4a5a7bb80 1929       3       com.google.common.util.concurrent.AbstractFuture$UnsafeAtomicHelper::casWaiters (13 bytes)
Event: 1.089 Thread 0x000001c4a5a756b0 nmethod 1928 0x000001c4910ff510 code [0x000001c4910ff680, 0x000001c4910ff6f8]
Event: 1.089 Thread 0x000001c4a5a7bb80 nmethod 1929 0x000001c489e88190 code [0x000001c489e88340, 0x000001c489e88538]
Event: 1.090 Thread 0x000001c4a5a7bb80 1930       3       java.util.HashMap::remove (26 bytes)
Event: 1.090 Thread 0x000001c4a5a7bb80 nmethod 1930 0x000001c489e88610 code [0x000001c489e887e0, 0x000001c489e88b38]
Event: 1.090 Thread 0x000001c4a5a7bb80 1931       3       java.util.HashMap::removeNode (291 bytes)
Event: 1.091 Thread 0x000001c4a5a756b0 1934   !   4       java.lang.reflect.Field::declaredAnnotations (82 bytes)
Event: 1.091 Thread 0x000001c4a5a7bb80 nmethod 1931 0x000001c489e88c90 code [0x000001c489e88f20, 0x000001c489e8a2b8]
Event: 1.091 Thread 0x000001c4a5a7bb80 1935       3       java.lang.StringLatin1::lastIndexOf (125 bytes)
Event: 1.091 Thread 0x000001c4a5a7bb80 nmethod 1935 0x000001c489e8a790 code [0x000001c489e8a960, 0x000001c489e8add8]
Event: 1.091 Thread 0x000001c4a5a7bb80 1932       3       org.eclipse.sisu.bean.DeclaredMembers$MemberIterator::next (5 bytes)
Event: 1.092 Thread 0x000001c4a5a7bb80 nmethod 1932 0x000001c489e8b010 code [0x000001c489e8b1e0, 0x000001c489e8b4b8]
Event: 1.092 Thread 0x000001c4a5a7bb80 1933       3       org.eclipse.sisu.bean.DeclaredMembers$MemberIterator::next (32 bytes)
Event: 1.092 Thread 0x000001c4a5a7bb80 nmethod 1933 0x000001c489e8b610 code [0x000001c489e8b7e0, 0x000001c489e8ba58]
Event: 1.092 Thread 0x000001c4a5a7bb80 1936       3       java.util.HashSet::size (8 bytes)
Event: 1.092 Thread 0x000001c4a5a7bb80 nmethod 1936 0x000001c489e8bb90 code [0x000001c489e8bd20, 0x000001c489e8bed8]

GC Heap History (4 events):
Event: 0.574 GC heap before
{Heap before GC invocations=0 (full 0):
 garbage-first heap   total 260096K, used 22528K [0x0000000702a00000, 0x0000000800000000)
  region size 2048K, 11 young (22528K), 0 survivors (0K)
 Metaspace       used 5913K, capacity 7726K, committed 7808K, reserved 1056768K
  class space    used 673K, capacity 830K, committed 896K, reserved 1048576K
}
Event: 0.578 GC heap after
{Heap after GC invocations=1 (full 0):
 garbage-first heap   total 260096K, used 3798K [0x0000000702a00000, 0x0000000800000000)
  region size 2048K, 2 young (4096K), 2 survivors (4096K)
 Metaspace       used 5913K, capacity 7726K, committed 7808K, reserved 1056768K
  class space    used 673K, capacity 830K, committed 896K, reserved 1048576K
}
Event: 0.953 GC heap before
{Heap before GC invocations=1 (full 0):
 garbage-first heap   total 260096K, used 32470K [0x0000000702a00000, 0x0000000800000000)
  region size 2048K, 16 young (32768K), 2 survivors (4096K)
 Metaspace       used 9858K, capacity 11274K, committed 11392K, reserved 1058816K
  class space    used 1158K, capacity 1325K, committed 1408K, reserved 1048576K
}
Event: 0.957 GC heap after
{Heap after GC invocations=2 (full 0):
 garbage-first heap   total 260096K, used 5385K [0x0000000702a00000, 0x0000000800000000)
  region size 2048K, 1 young (2048K), 1 survivors (2048K)
 Metaspace       used 9858K, capacity 11274K, committed 11392K, reserved 1058816K
  class space    used 1158K, capacity 1325K, committed 1408K, reserved 1048576K
}

Deoptimization events (20 events):
Event: 0.933 Thread 0x000001c4ffc130f0 Uncommon trap: trap_request=0xffffff45 fr.pc=0x000001c4910dbb08 relative=0x00000000000015a8
Event: 0.933 Thread 0x000001c4ffc130f0 Uncommon trap: reason=unstable_if action=reinterpret pc=0x000001c4910dbb08 method=java.util.concurrent.ConcurrentHashMap.transfer([Ljava/util/concurrent/ConcurrentHashMap$Node;[Ljava/util/concurrent/ConcurrentHashMap$Node;)V @ 26 c2
Event: 0.933 Thread 0x000001c4ffc130f0 DEOPT PACKING pc=0x000001c4910dbb08 sp=0x00000025ce1f9a80
Event: 0.933 Thread 0x000001c4ffc130f0 DEOPT UNPACKING pc=0x000001c4895be42f sp=0x00000025ce1f99f0 mode 2
Event: 0.941 Thread 0x000001c4ffc130f0 Uncommon trap: trap_request=0xffffffde fr.pc=0x000001c4910e7ab4 relative=0x0000000000000114
Event: 0.941 Thread 0x000001c4ffc130f0 Uncommon trap: reason=class_check action=maybe_recompile pc=0x000001c4910e7ab4 method=jdk.internal.misc.Unsafe.allocateUninitializedArray(Ljava/lang/Class;I)Ljava/lang/Object; @ 51 c2
Event: 0.941 Thread 0x000001c4ffc130f0 DEOPT PACKING pc=0x000001c4910e7ab4 sp=0x00000025ce1fce00
Event: 0.941 Thread 0x000001c4ffc130f0 DEOPT UNPACKING pc=0x000001c4895be42f sp=0x00000025ce1fcd88 mode 2
Event: 0.941 Thread 0x000001c4ffc130f0 Uncommon trap: trap_request=0xffffffde fr.pc=0x000001c4910e7ab4 relative=0x0000000000000114
Event: 0.941 Thread 0x000001c4ffc130f0 Uncommon trap: reason=class_check action=maybe_recompile pc=0x000001c4910e7ab4 method=jdk.internal.misc.Unsafe.allocateUninitializedArray(Ljava/lang/Class;I)Ljava/lang/Object; @ 51 c2
Event: 0.941 Thread 0x000001c4ffc130f0 DEOPT PACKING pc=0x000001c4910e7ab4 sp=0x00000025ce1fce50
Event: 0.941 Thread 0x000001c4ffc130f0 DEOPT UNPACKING pc=0x000001c4895be42f sp=0x00000025ce1fcdd8 mode 2
Event: 0.941 Thread 0x000001c4ffc130f0 Uncommon trap: trap_request=0xffffffde fr.pc=0x000001c4910e7ab4 relative=0x0000000000000114
Event: 0.941 Thread 0x000001c4ffc130f0 Uncommon trap: reason=class_check action=maybe_recompile pc=0x000001c4910e7ab4 method=jdk.internal.misc.Unsafe.allocateUninitializedArray(Ljava/lang/Class;I)Ljava/lang/Object; @ 51 c2
Event: 0.941 Thread 0x000001c4ffc130f0 DEOPT PACKING pc=0x000001c4910e7ab4 sp=0x00000025ce1fcb30
Event: 0.941 Thread 0x000001c4ffc130f0 DEOPT UNPACKING pc=0x000001c4895be42f sp=0x00000025ce1fcab8 mode 2
Event: 0.941 Thread 0x000001c4ffc130f0 Uncommon trap: trap_request=0xffffffde fr.pc=0x000001c4910e7ab4 relative=0x0000000000000114
Event: 0.941 Thread 0x000001c4ffc130f0 Uncommon trap: reason=class_check action=maybe_recompile pc=0x000001c4910e7ab4 method=jdk.internal.misc.Unsafe.allocateUninitializedArray(Ljava/lang/Class;I)Ljava/lang/Object; @ 51 c2
Event: 0.941 Thread 0x000001c4ffc130f0 DEOPT PACKING pc=0x000001c4910e7ab4 sp=0x00000025ce1fce00
Event: 0.941 Thread 0x000001c4ffc130f0 DEOPT UNPACKING pc=0x000001c4895be42f sp=0x00000025ce1fcd88 mode 2

Classes unloaded (0 events):
No events

Classes redefined (0 events):
No events

Internal exceptions (10 events):
Event: 0.083 Thread 0x000001c4a5c5c000 Exception <a 'java/lang/NoSuchMethodError'{0x0000000712408968}: 'java.lang.Object java.lang.invoke.DirectMethodHandle$Holder.invokeStatic(java.lang.Object)'> (0x0000000712408968) 
thrown [./open/src/hotspot/share/interpreter/linkResolver.cpp, line 782]
Event: 0.084 Thread 0x000001c4a5c5c000 Exception <a 'java/lang/NoSuchMethodError'{0x000000071240c278}: 'java.lang.Object java.lang.invoke.DirectMethodHandle$Holder.invokeStaticInit(java.lang.Object)'> (0x000000071240c278) 
thrown [./open/src/hotspot/share/interpreter/linkResolver.cpp, line 782]
Event: 0.089 Thread 0x000001c4a5c5c000 Exception <a 'java/lang/NoSuchMethodError'{0x0000000712419710}: 'void java.lang.invoke.DirectMethodHandle$Holder.invokeStatic(java.lang.Object, java.lang.Object)'> (0x0000000712419710) 
thrown [./open/src/hotspot/share/interpreter/linkResolver.cpp, line 782]
Event: 0.172 Thread 0x000001c4ffc130f0 Exception <a 'java/lang/NoSuchMethodError'{0x000000071232b370}: 'void java.lang.invoke.DirectMethodHandle$Holder.invokeStaticInit(java.lang.Object, java.lang.Object)'> (0x000000071232b370) 
thrown [./open/src/hotspot/share/interpreter/linkResolver.cpp, line 782]
Event: 0.178 Thread 0x000001c4ffc130f0 Exception <a 'java/lang/NoSuchMethodError'{0x00000007123585f0}: 'java.lang.Object java.lang.invoke.DirectMethodHandle$Holder.invokeStaticInit(java.lang.Object, int, int, int, int)'> (0x00000007123585f0) 
thrown [./open/src/hotspot/share/interpreter/linkResolver.cpp, line 782]
Event: 0.210 Thread 0x000001c4ffc130f0 Exception <a 'java/lang/NoSuchMethodError'{0x0000000712020cb0}: 'java.lang.Object java.lang.invoke.DirectMethodHandle$Holder.invokeStaticInit(java.lang.Object, java.lang.Object, int, int, int, int)'> (0x0000000712020cb0) 
thrown [./open/src/hotspot/share/interpreter/linkResolver.cpp, line 782]
Event: 0.415 Thread 0x000001c4ffc130f0 Exception <a 'java/lang/NoSuchMethodError'{0x0000000711a107b8}: 'void java.lang.invoke.DirectMethodHandle$Holder.invokeSpecial(java.lang.Object, java.lang.Object, java.lang.Object)'> (0x0000000711a107b8) 
thrown [./open/src/hotspot/share/interpreter/linkResolver.cpp, line 782]
Event: 0.511 Thread 0x000001c4ffc130f0 Exception <a 'java/lang/NoSuchMethodError'{0x00000007117516c8}: 'java.lang.Object java.lang.invoke.DirectMethodHandle$Holder.newInvokeSpecial(java.lang.Object, java.lang.Object, java.lang.Object, java.lang.Object, java.lang.Object)'> (0x00000007117516c8) 
thrown [./open/src/hotspot/share/interpreter/linkResolver.cpp, line 782]
Event: 1.068 Thread 0x000001c4ffc130f0 Exception <a 'java/lang/NoClassDefFoundError'{0x00000007121afcb0}: com/google/inject/servlet/ServletModuleTargetVisitor> (0x00000007121afcb0) 
thrown [./open/src/hotspot/share/classfile/systemDictionary.cpp, line 284]
Event: 1.069 Thread 0x000001c4ffc130f0 Exception <a 'java/lang/NoClassDefFoundError'{0x00000007121b18d0}: javax/annotation/Priority> (0x00000007121b18d0) 
thrown [./open/src/hotspot/share/classfile/systemDictionary.cpp, line 284]

Events (20 events):
Event: 0.946 loading class sun/reflect/generics/repository/FieldRepository
Event: 0.946 loading class sun/reflect/generics/repository/FieldRepository done
Event: 0.953 Executing VM operation: G1CollectForAllocation
Event: 0.957 Executing VM operation: G1CollectForAllocation done
Event: 0.957 Executing VM operation: HandshakeAllThreads
Event: 0.957 Executing VM operation: HandshakeAllThreads done
Event: 1.000 Executing VM operation: HandshakeAllThreads
Event: 1.000 Executing VM operation: HandshakeAllThreads done
Event: 1.002 Executing VM operation: HandshakeAllThreads
Event: 1.002 Executing VM operation: HandshakeAllThreads done
Event: 1.029 loading class sun/reflect/generics/scope/MethodScope
Event: 1.029 loading class sun/reflect/generics/scope/MethodScope done
Event: 1.029 loading class sun/reflect/generics/repository/MethodRepository
Event: 1.029 loading class sun/reflect/generics/repository/MethodRepository done
Event: 1.049 loading class java/util/ConcurrentModificationException
Event: 1.049 loading class java/util/ConcurrentModificationException done
Event: 1.054 Executing VM operation: HandshakeAllThreads
Event: 1.054 Executing VM operation: HandshakeAllThreads done
Event: 1.057 loading class jdk/internal/reflect/UnsafeObjectFieldAccessorImpl
Event: 1.057 loading class jdk/internal/reflect/UnsafeObjectFieldAccessorImpl done


Dynamic libraries:
0x00007ff691c50000 - 0x00007ff691c5d000 	C:\Users\David Bryan\.jdks\jdk-15.0.2\bin\java.exe
0x00007ff96e7e0000 - 0x00007ff96e9d0000 	C:\Windows\SYSTEM32\ntdll.dll
0x00007ff96e420000 - 0x00007ff96e4d2000 	C:\Windows\System32\KERNEL32.DLL
0x00007ff96c0e0000 - 0x00007ff96c385000 	C:\Windows\System32\KERNELBASE.dll
0x00007ff96bfe0000 - 0x00007ff96c0da000 	C:\Windows\System32\ucrtbase.dll
0x00007ff96a0f0000 - 0x00007ff96a109000 	C:\Users\David Bryan\.jdks\jdk-15.0.2\bin\VCRUNTIME140.dll
0x00007ff96a0d0000 - 0x00007ff96a0e8000 	C:\Users\David Bryan\.jdks\jdk-15.0.2\bin\jli.dll
0x00007ff96e4e0000 - 0x00007ff96e674000 	C:\Windows\System32\USER32.dll
0x00007ff96c710000 - 0x00007ff96c731000 	C:\Windows\System32\win32u.dll
0x00007ff953080000 - 0x00007ff953304000 	C:\Windows\WinSxS\amd64_microsoft.windows.common-controls_6595b64144ccf1df_6.0.18362.1316_none_9e7a364fe461dbd7\COMCTL32.dll
0x00007ff96d5e0000 - 0x00007ff96d67e000 	C:\Windows\System32\msvcrt.dll
0x00007ff96d0b0000 - 0x00007ff96d0d6000 	C:\Windows\System32\GDI32.dll
0x00007ff96c4d0000 - 0x00007ff96c668000 	C:\Windows\System32\gdi32full.dll
0x00007ff96c9a0000 - 0x00007ff96ccd7000 	C:\Windows\System32\combase.dll
0x00007ff96bf40000 - 0x00007ff96bfde000 	C:\Windows\System32\msvcp_win.dll
0x00007ff96e680000 - 0x00007ff96e79f000 	C:\Windows\System32\RPCRT4.dll
0x00007ff96c440000 - 0x00007ff96c4c1000 	C:\Windows\System32\bcryptPrimitives.dll
0x00007ff96cd40000 - 0x00007ff96cd6e000 	C:\Windows\System32\IMM32.DLL
0x00007ff966050000 - 0x00007ff96605c000 	C:\Users\David Bryan\.jdks\jdk-15.0.2\bin\vcruntime140_1.dll
0x00007ff93dae0000 - 0x00007ff93db71000 	C:\Users\David Bryan\.jdks\jdk-15.0.2\bin\msvcp140.dll
0x00007ff901c90000 - 0x00007ff9027ee000 	C:\Users\David Bryan\.jdks\jdk-15.0.2\bin\server\jvm.dll
0x00007ff96c890000 - 0x00007ff96c933000 	C:\Windows\System32\ADVAPI32.dll
0x00007ff96d390000 - 0x00007ff96d427000 	C:\Windows\System32\sechost.dll
0x00007ff96d680000 - 0x00007ff96d688000 	C:\Windows\System32\PSAPI.DLL
0x00007ff968d10000 - 0x00007ff968d34000 	C:\Windows\SYSTEM32\WINMM.dll
0x00007ff9644b0000 - 0x00007ff9644b9000 	C:\Windows\SYSTEM32\WSOCK32.dll
0x00007ff964f50000 - 0x00007ff964f5a000 	C:\Windows\SYSTEM32\VERSION.dll
0x00007ff96cf70000 - 0x00007ff96cfdf000 	C:\Windows\System32\WS2_32.dll
0x00007ff968ce0000 - 0x00007ff968d0d000 	C:\Windows\SYSTEM32\winmmbase.dll
0x00007ff96c6a0000 - 0x00007ff96c6ea000 	C:\Windows\System32\cfgmgr32.dll
0x00007ff96b6f0000 - 0x00007ff96b701000 	C:\Windows\System32\kernel.appcore.dll
0x00007ff9633b0000 - 0x00007ff9633ba000 	C:\Users\David Bryan\.jdks\jdk-15.0.2\bin\jimage.dll
0x00007ff969eb0000 - 0x00007ff96a0a4000 	C:\Windows\SYSTEM32\DBGHELP.DLL
0x00007ff962620000 - 0x00007ff96264a000 	C:\Windows\SYSTEM32\dbgcore.DLL
0x00007ff963380000 - 0x00007ff96338e000 	C:\Users\David Bryan\.jdks\jdk-15.0.2\bin\instrument.dll
0x00007ff95fe10000 - 0x00007ff95fe35000 	C:\Users\David Bryan\.jdks\jdk-15.0.2\bin\java.dll
0x00007ff96d740000 - 0x00007ff96de28000 	C:\Windows\System32\SHELL32.dll
0x00007ff96d690000 - 0x00007ff96d737000 	C:\Windows\System32\shcore.dll
0x00007ff96b7c0000 - 0x00007ff96bf3b000 	C:\Windows\System32\windows.storage.dll
0x00007ff96b730000 - 0x00007ff96b753000 	C:\Windows\System32\profapi.dll
0x00007ff96b6a0000 - 0x00007ff96b6ea000 	C:\Windows\System32\powrprof.dll
0x00007ff96b690000 - 0x00007ff96b6a0000 	C:\Windows\System32\UMPDC.dll
0x00007ff96c940000 - 0x00007ff96c992000 	C:\Windows\System32\shlwapi.dll
0x00007ff96c6f0000 - 0x00007ff96c707000 	C:\Windows\System32\cryptsp.dll
0x00007ff963100000 - 0x00007ff963118000 	C:\Users\David Bryan\.jdks\jdk-15.0.2\bin\zip.dll
0x00007ff9630c0000 - 0x00007ff9630d9000 	C:\Users\David Bryan\.jdks\jdk-15.0.2\bin\net.dll
0x00007ff964b90000 - 0x00007ff964c80000 	C:\Windows\SYSTEM32\WINHTTP.dll
0x00007ff96aed0000 - 0x00007ff96af37000 	C:\Windows\system32\mswsock.dll
0x00007ff9604f0000 - 0x00007ff960502000 	C:\Users\David Bryan\.jdks\jdk-15.0.2\bin\nio.dll
0x00007ff95fc80000 - 0x00007ff95fc9a000 	C:\Program Files\JetBrains\IntelliJ IDEA Community Edition 2020.3\bin\breakgen64.dll
0x00007ff960240000 - 0x00007ff960250000 	C:\Users\David Bryan\.jdks\jdk-15.0.2\bin\verify.dll
0x00007ff96aa50000 - 0x00007ff96aa83000 	C:\Windows\system32\rsaenh.dll
0x00007ff96c670000 - 0x00007ff96c696000 	C:\Windows\System32\bcrypt.dll
0x00007ff96b5b0000 - 0x00007ff96b5d5000 	C:\Windows\SYSTEM32\USERENV.dll
0x00007ff96b0a0000 - 0x00007ff96b0ac000 	C:\Windows\SYSTEM32\CRYPTBASE.dll
0x00007ff96abe0000 - 0x00007ff96ac1a000 	C:\Windows\SYSTEM32\IPHLPAPI.DLL
0x00007ff96cd70000 - 0x00007ff96cd78000 	C:\Windows\System32\NSI.dll
0x00007ff962880000 - 0x00007ff962896000 	C:\Windows\SYSTEM32\dhcpcsvc6.DLL
0x00007ff9635e0000 - 0x00007ff9635fc000 	C:\Windows\SYSTEM32\dhcpcsvc.DLL
0x00007ff96ac20000 - 0x00007ff96aceb000 	C:\Windows\SYSTEM32\DNSAPI.dll
0x00007ff95fc70000 - 0x00007ff95fc7a000 	C:\Users\David Bryan\AppData\Local\Temp\jansi-1.17.1-3809537157264047209.dll
0x00007ff95fbc0000 - 0x00007ff95fbca000 	C:\Users\David Bryan\AppData\Local\Temp\jansi-1.17.1-382686639172749475.dll

dbghelp: loaded successfully - version: 4.0.5 - missing functions: none
symbol engine: initialized successfully - sym options: 0x614 - pdb path: .;C:\Users\David Bryan\.jdks\jdk-15.0.2\bin;C:\Windows\SYSTEM32;C:\Windows\WinSxS\amd64_microsoft.windows.common-controls_6595b64144ccf1df_6.0.18362.1316_none_9e7a364fe461dbd7;C:\Users\David Bryan\.jdks\jdk-15.0.2\bin\server;C:\Program Files\JetBrains\IntelliJ IDEA Community Edition 2020.3\bin;C:\Users\David Bryan\AppData\Local\Temp

VM Arguments:
jvm_args: -Dmaven.multiModuleProjectDirectory=C:\Users\David Bryan\IdeaProjects\MsgLab2\Core -Dmaven.home=C:\Program Files\JetBrains\IntelliJ IDEA Community Edition 2020.3\plugins\maven\lib\maven3 -Dclassworlds.conf=C:\Program Files\JetBrains\IntelliJ IDEA Community Edition 2020.3\plugins\maven\lib\maven3\bin\m2.conf -Dmaven.ext.class.path=C:\Program Files\JetBrains\IntelliJ IDEA Community Edition 2020.3\plugins\maven\lib\maven-event-listener.jar -javaagent:C:\Program Files\JetBrains\IntelliJ IDEA Community Edition 2020.3\lib\idea_rt.jar=50501:C:\Program Files\JetBrains\IntelliJ IDEA Community Edition 2020.3\bin -Dfile.encoding=UTF-8 
java_command: org.codehaus.classworlds.Launcher -Didea.version=2020.3.2 package
java_class_path (initial): C:\Program Files\JetBrains\IntelliJ IDEA Community Edition 2020.3\plugins\maven\lib\maven3\boot\plexus-classworlds-2.6.0.jar;C:\Program Files\JetBrains\IntelliJ IDEA Community Edition 2020.3\plugins\maven\lib\maven3\boot\plexus-classworlds.license
Launcher Type: SUN_STANDARD

[Global flags]
     intx CICompilerCount                          = 4                                         {product} {ergonomic}
     uint ConcGCThreads                            = 3                                         {product} {ergonomic}
     uint G1ConcRefinementThreads                  = 10                                        {product} {ergonomic}
   size_t G1HeapRegionSize                         = 2097152                                   {product} {ergonomic}
    uintx GCDrainStackTargetSize                   = 64                                        {product} {ergonomic}
   size_t InitialHeapSize                          = 266338304                                 {product} {ergonomic}
   size_t MarkStackSize                            = 4194304                                   {product} {ergonomic}
   size_t MaxHeapSize                              = 4250927104                                {product} {ergonomic}
   size_t MaxNewSize                               = 2550136832                                {product} {ergonomic}
   size_t MinHeapDeltaBytes                        = 2097152                                   {product} {ergonomic}
   size_t MinHeapSize                              = 8388608                                   {product} {ergonomic}
    uintx NonNMethodCodeHeapSize                   = 5839372                                {pd product} {ergonomic}
    uintx NonProfiledCodeHeapSize                  = 122909434                              {pd product} {ergonomic}
    uintx ProfiledCodeHeapSize                     = 122909434                              {pd product} {ergonomic}
    uintx ReservedCodeCacheSize                    = 251658240                              {pd product} {ergonomic}
     bool SegmentedCodeCache                       = true                                      {product} {ergonomic}
   size_t SoftMaxHeapSize                          = 4250927104                             {manageable} {ergonomic}
     bool UseCompressedClassPointers               = true                                 {lp64_product} {ergonomic}
     bool UseCompressedOops                        = true                                 {lp64_product} {ergonomic}
     bool UseG1GC                                  = true                                      {product} {ergonomic}
     bool UseLargePagesIndividualAllocation        = false                                  {pd product} {ergonomic}

Logging:
Log output configuration:
 #0: stdout all=warning uptime,level,tags
 #1: stderr all=off uptime,level,tags

Environment Variables:
PATH=C:\Program Files\Common Files\Oracle\Java\javapath;C:\Program Files (x86)\Common Files\Oracle\Java\javapath;C:\Windows\system32;C:\Windows;C:\Windows\System32\Wbem;C:\Windows\System32\WindowsPowerShell\v1.0\;C:\Windows\System32\OpenSSH\;C:\Program Files (x86)\NVIDIA Corporation\PhysX\Common;C:\Program Files\NVIDIA Corporation\NVIDIA NvDLISR;C:\Program Files\Git\cmd;C:\Program Files (x86)\Bitvise SSH Client;C:\Users\David Bryan\AppData\Local\Microsoft\WindowsApps;C:\Users\David Bryan\AppData\Local\GitHubDesktop\bin
USERNAME=David Bryan
OS=Windows_NT
PROCESSOR_IDENTIFIER=Intel64 Family 6 Model 165 Stepping 2, GenuineIntel



---------------  S Y S T E M  ---------------

OS:
 Windows 10 , 64 bit Build 18362 (10.0.18362.1316)
OS uptime: 2 days 23:04 hours

CPU: total 12 (initial active 12) (6 cores per cpu, 2 threads per core) family 6 model 165 stepping 2 microcode 0xc8, cmov, cx8, fxsr, mmx, sse, sse2, sse3, ssse3, sse4.1, sse4.2, popcnt, vzeroupper, avx, avx2, aes, clmul, erms, 3dnowpref, lzcnt, ht, tsc, tscinvbit, bmi1, bmi2, adx, fma, clflush, clflushopt

Memory: 4k page, system-wide physical 16215M (1618M free)
TotalPageFile size 65367M (AvailPageFile size 3M)
current process WorkingSet (physical memory assigned to process): 105M, peak: 105M
current process commit charge ("private bytes"): 378M, peak: 378M

vm_info: OpenJDK 64-Bit Server VM (15.0.2+7-27) for windows-amd64 JRE (15.0.2+7-27), built on Dec  7 2020 20:02:38 by "mach5one" with unknown MS VC++:1925

END.
